SF:lib\core\domain\entities\routine.dart
DA:12,0
DA:19,0
DA:20,0
DA:21,0
DA:22,0
DA:23,0
DA:24,0
DA:25,0
DA:26,0
DA:30,0
DA:31,0
DA:32,0
DA:33,0
DA:34,0
DA:35,0
DA:39,0
DA:46,0
DA:47,0
DA:48,0
DA:49,0
DA:50,0
DA:54,0
DA:55,0
DA:71,1
DA:83,0
DA:84,0
DA:85,0
DA:86,0
DA:89,0
DA:90,0
DA:92,0
DA:93,0
DA:94,0
DA:95,0
DA:96,0
DA:97,0
DA:98,0
DA:99,0
DA:100,0
DA:101,0
DA:102,0
DA:106,0
DA:107,0
DA:108,0
DA:109,0
DA:110,0
DA:111,0
DA:112,0
DA:113,0
DA:121,0
DA:133,0
DA:134,0
DA:135,0
DA:136,0
DA:137,0
DA:138,0
DA:139,0
DA:140,0
DA:141,0
DA:142,0
DA:146,1
DA:147,1
DA:148,1
DA:149,1
DA:150,1
DA:151,1
DA:152,1
DA:153,1
DA:154,1
DA:155,1
DA:156,1
LF:71
LH:12
end_of_record
SF:lib\features\routines\presentation\cubit\user_routines_cubit.dart
DA:15,3
DA:17,1
DA:18,3
DA:20,1
DA:24,2
DA:27,2
DA:28,0
DA:29,0
DA:31,1
DA:35,2
DA:36,2
DA:37,3
DA:39,3
DA:40,4
DA:44,1
DA:45,2
DA:46,1
DA:47,6
DA:48,2
DA:49,2
DA:50,0
DA:52,0
DA:53,0
DA:55,0
DA:56,0
DA:60,0
DA:61,0
DA:62,0
DA:63,0
DA:64,0
DA:65,0
DA:68,0
DA:69,0
DA:70,0
DA:71,0
DA:73,0
DA:74,0
DA:79,0
LF:38
LH:18
end_of_record
SF:lib\features\routines\presentation\cubit\user_routines_state.dart
DA:5,3
DA:7,0
DA:8,0
DA:17,2
DA:19,1
DA:20,2
DA:26,2
DA:28,1
DA:29,2
DA:35,3
DA:37,1
DA:38,2
LF:12
LH:10
end_of_record
